<?xml version="1.0" encoding="UTF-8"?>
<!-- Generated by org.testng.reporters.JUnitReportReporter -->
<testsuite hostname="LAPTOP-2G1KRFRE" failures="0" tests="1" name="testcases.ScreenTitle" time="0.027" errors="0" timestamp="2022-01-19T15:13:33 IST" skipped="0">
  <testcase classname="testcases.ScreenTitle" name="screen_title" time="0.027"/>
  <system-out/>
</testsuite> <!-- testcases.ScreenTitle -->
