<?xml version="1.0" encoding="UTF-8"?>
<!-- Generated by org.testng.reporters.JUnitReportReporter -->
<testsuite hostname="LAPTOP-2G1KRFRE" failures="0" tests="1" name="testcases.ScanUnit" time="14.148" errors="0" timestamp="2022-01-19T15:13:33 IST" skipped="0">
  <testcase classname="testcases.ScanUnit" name="UnitScan" time="14.148"/>
  <system-out/>
</testsuite> <!-- testcases.ScanUnit -->
