<?xml version="1.0" encoding="UTF-8"?>
<!-- Generated by org.testng.reporters.JUnitReportReporter -->
<testsuite hostname="LAPTOP-2G1KRFRE" failures="0" tests="3" name="testcases.HP_AssessmentScreen" time="12.310" errors="0" timestamp="2022-07-20T09:37:16 IST" skipped="0">
  <testcase classname="testcases.HP_AssessmentScreen" name="Initia_Assessment" time="7.074"/>
  <system-out/>
  <testcase classname="testcases.HP_AssessmentScreen" name="ECN_Task" time="2.161"/>
  <system-out/>
  <testcase classname="testcases.HP_AssessmentScreen" name="AssessmentScreen_Next" time="3.075"/>
  <system-out/>
</testsuite> <!-- testcases.HP_AssessmentScreen -->
