<?xml version="1.0" encoding="UTF-8"?>
<!-- Generated by org.testng.reporters.JUnitReportReporter -->
<testsuite hostname="LAPTOP-2G1KRFRE" failures="0" tests="3" name="testcases.ClientSelect" time="11.342" errors="0" timestamp="2022-07-20T17:38:45 IST" skipped="0">
  <testcase classname="testcases.ClientSelect" name="Location" time="11.090"/>
  <system-out/>
  <testcase classname="testcases.ClientSelect" name="Client_Selection" time="0.149"/>
  <system-out/>
  <testcase classname="testcases.ClientSelect" name="Client_Operation" time="0.103"/>
  <system-out/>
</testsuite> <!-- testcases.ClientSelect -->
