<?xml version="1.0" encoding="UTF-8"?>
<!-- Generated by org.testng.reporters.JUnitReportReporter -->
<testsuite hostname="LAPTOP-2G1KRFRE" failures="0" tests="1" name="testcases.IvyLogin" time="6.364" errors="0" timestamp="2022-07-20T17:38:45 IST" skipped="0">
  <testcase classname="testcases.IvyLogin" name="LoginApp" time="6.364"/>
  <system-out/>
</testsuite> <!-- testcases.IvyLogin -->
